<?xml version="1.0" encoding="UTF-8"?>
<testsuite xmlns:xsi="http://www.w3.org/2001/XMLSchema-instance" xsi:noNamespaceSchemaLocation="https://maven.apache.org/surefire/maven-surefire-plugin/xsd/surefire-test-report.xsd" version="3.0.2" name="dslab.ClientCLITest" time="7.345" tests="35" errors="0" skipped="0" failures="0">
  <properties>
[...]
</properties>
  <testcase name="subscribe_command_without_channel(String)[1]" classname="dslab.ClientCLITest" time="0.162"/>
  <testcase name="subscribe_command_without_channel(String)[2]" classname="dslab.ClientCLITest" time="0.009"/>
  <testcase name="subscribe_command_without_channel(String)[3]" classname="dslab.ClientCLITest" time="0.009"/>
  <testcase name="subscribe_command_without_channel(String)[4]" classname="dslab.ClientCLITest" time="0.009"/>
  <testcase name="empty_newline_command(String)[1]" classname="dslab.ClientCLITest" time="0.122"/>
  <testcase name="empty_newline_command(String)[2]" classname="dslab.ClientCLITest" time="0.423"/>
  <testcase name="empty_newline_command(String)[3]" classname="dslab.ClientCLITest" time="0.228"/>
  <testcase name="subscribe_command(String)[1]" classname="dslab.ClientCLITest" time="0.309"/>
  <testcase name="subscribe_command(String)[2]" classname="dslab.ClientCLITest" time="0.035"/>
  <testcase name="subscribe_command(String)[3]" classname="dslab.ClientCLITest" time="0.156"/>
  <testcase name="subscribe_command(String)[4]" classname="dslab.ClientCLITest" time="0.299"/>
  <testcase name="unknown_command" classname="dslab.ClientCLITest" time="0.043"/>
  <testcase name="publish_command_without_channel(String)[1]" classname="dslab.ClientCLITest" time="0.028"/>
  <testcase name="publish_command_without_channel(String)[2]" classname="dslab.ClientCLITest" time="0.029"/>
  <testcase name="publish_command_without_channel(String)[3]" classname="dslab.ClientCLITest" time="0.013"/>
  <testcase name="publish_command_without_channel(String)[4]" classname="dslab.ClientCLITest" time="0.015"/>
  <testcase name="channel_basic_command_validation" classname="dslab.ClientCLITest" time="0.046"/>
  <testcase name="publish_basic_command_validation" classname="dslab.ClientCLITest" time="0.268"/>
  <testcase name="channel_command" classname="dslab.ClientCLITest" time="0.181"/>
  <testcase name="channel_invalid_config_validation" classname="dslab.ClientCLITest" time="0.066"/>
  <testcase name="displays_correct_prompt(String)[1]" classname="dslab.ClientCLITest" time="0.03"/>
  <testcase name="displays_correct_prompt(String)[2]" classname="dslab.ClientCLITest" time="0.045"/>
  <testcase name="displays_correct_prompt(String)[3]" classname="dslab.ClientCLITest" time="0.028"/>
  <testcase name="publish_command(String)[1]" classname="dslab.ClientCLITest" time="0.113"/>
  <testcase name="publish_command(String)[2]" classname="dslab.ClientCLITest" time="0.198"/>
  <testcase name="publish_command(String)[3]" classname="dslab.ClientCLITest" time="0.177"/>
  <testcase name="publish_command(String)[4]" classname="dslab.ClientCLITest" time="0.191"/>
  <testcase name="shutdown_command_sends_exit" classname="dslab.ClientCLITest" time="0.309"/>
  <testcase name="subscription_correct_callback_and_thread_behaviour(String)[1]" classname="dslab.ClientCLITest" time="0.678"/>
  <testcase name="subscription_correct_callback_and_thread_behaviour(String)[2]" classname="dslab.ClientCLITest" time="0.692"/>
  <testcase name="subscription_correct_callback_and_thread_behaviour(String)[3]" classname="dslab.ClientCLITest" time="0.595"/>
  <testcase name="subscription_correct_callback_and_thread_behaviour(String)[4]" classname="dslab.ClientCLITest" time="0.378"/>
  <testcase name="channel_error_handling" classname="dslab.ClientCLITest" time="0.109"/>
  <testcase name="subscribe_basic_command_validation" classname="dslab.ClientCLITest" time="0.708"/>
  <testcase name="shutdown_basic_command_validation" classname="dslab.ClientCLITest" time="0.162"/>
</testsuite>